============================================================
IIT JODHPUR WORD2VEC ASSIGNMENT — FULL PIPELINE
============================================================

[TASK 1] Dataset Preparation & Preprocessing
---------------------------------------------
  Documents  : 39
  Sentences  : 1866
  Tokens     : 38707
  Vocab size : 4903
Cleaned corpus saved to ./outputs/cleaned_corpus.txt

[PLOT] Generating Word Cloud (frequency-based)...
  Saved: wordcloud.png
  Saved: word_frequency.png

[TASK 2] Training Word2Vec Models
---------------------------------------------
Vocabulary built: 2707 words (min_count=2)
  Encoded sentences: 1853
  Effective vocab  : 2707

  Training: SG-dim50
    Epoch  5/30 | Loss: 2.0254 | LR: 0.021667
    Epoch 10/30 | Loss: 1.8066 | LR: 0.017500
    Epoch 15/30 | Loss: 1.6948 | LR: 0.013333
    Epoch 20/30 | Loss: 1.6520 | LR: 0.009167
    Epoch 25/30 | Loss: 1.6378 | LR: 0.005000
    Epoch 30/30 | Loss: 1.6506 | LR: 0.000833

  Training: SG-dim100
    Epoch  5/30 | Loss: 2.0345 | LR: 0.021667
    Epoch 10/30 | Loss: 1.7960 | LR: 0.017500
    Epoch 15/30 | Loss: 1.6771 | LR: 0.013333
    Epoch 20/30 | Loss: 1.6204 | LR: 0.009167
    Epoch 25/30 | Loss: 1.5946 | LR: 0.005000
    Epoch 30/30 | Loss: 1.6132 | LR: 0.000833

  Training: SG-dim300
    Epoch  5/30 | Loss: 2.0418 | LR: 0.021667
    Epoch 10/30 | Loss: 1.8136 | LR: 0.017500
    Epoch 15/30 | Loss: 1.6928 | LR: 0.013333
    Epoch 20/30 | Loss: 1.6301 | LR: 0.009167
    Epoch 25/30 | Loss: 1.6069 | LR: 0.005000
    Epoch 30/30 | Loss: 1.6227 | LR: 0.000833

  Training: SG-win2
    Epoch  5/30 | Loss: 2.1836 | LR: 0.021667
    Epoch 10/30 | Loss: 1.8845 | LR: 0.017500
    Epoch 15/30 | Loss: 1.7179 | LR: 0.013333
    Epoch 20/30 | Loss: 1.6269 | LR: 0.009167
    Epoch 25/30 | Loss: 1.5738 | LR: 0.005000
    Epoch 30/30 | Loss: 1.5505 | LR: 0.000833

  Training: SG-win5
    Epoch  5/30 | Loss: 2.0258 | LR: 0.021667
    Epoch 10/30 | Loss: 1.7978 | LR: 0.017500
    Epoch 15/30 | Loss: 1.6786 | LR: 0.013333
    Epoch 20/30 | Loss: 1.6210 | LR: 0.009167
    Epoch 25/30 | Loss: 1.6055 | LR: 0.005000
    Epoch 30/30 | Loss: 1.6191 | LR: 0.000833

  Training: SG-win8
    Epoch  5/30 | Loss: 1.9059 | LR: 0.021667
    Epoch 10/30 | Loss: 1.6868 | LR: 0.017500
    Epoch 15/30 | Loss: 1.6027 | LR: 0.013333
    Epoch 20/30 | Loss: 1.5668 | LR: 0.009167
    Epoch 25/30 | Loss: 1.5725 | LR: 0.005000
    Epoch 30/30 | Loss: 1.6129 | LR: 0.000833

  Training: SG-neg2
    Epoch  5/30 | Loss: 1.4923 | LR: 0.021667
    Epoch 10/30 | Loss: 1.2858 | LR: 0.017500
    Epoch 15/30 | Loss: 1.1953 | LR: 0.013333
    Epoch 20/30 | Loss: 1.1551 | LR: 0.009167
    Epoch 25/30 | Loss: 1.1418 | LR: 0.005000
    Epoch 30/30 | Loss: 1.1634 | LR: 0.000833

  Training: SG-neg5
    Epoch  5/30 | Loss: 2.0375 | LR: 0.021667
    Epoch 10/30 | Loss: 1.8017 | LR: 0.017500
    Epoch 15/30 | Loss: 1.6797 | LR: 0.013333
    Epoch 20/30 | Loss: 1.6224 | LR: 0.009167
    Epoch 25/30 | Loss: 1.5997 | LR: 0.005000
    Epoch 30/30 | Loss: 1.6160 | LR: 0.000833

  Training: SG-neg10
    Epoch  5/30 | Loss: 2.5279 | LR: 0.021667
    Epoch 10/30 | Loss: 2.2653 | LR: 0.017500
    Epoch 15/30 | Loss: 2.1223 | LR: 0.013333
    Epoch 20/30 | Loss: 2.0573 | LR: 0.009167
    Epoch 25/30 | Loss: 2.0330 | LR: 0.005000
    Epoch 30/30 | Loss: 2.0393 | LR: 0.000833

  Training: CBOW-dim50
    Epoch  5/30 | Loss: 2.7317 | LR: 0.021667
    Epoch 10/30 | Loss: 2.3379 | LR: 0.017500
    Epoch 15/30 | Loss: 2.1367 | LR: 0.013333
    Epoch 20/30 | Loss: 2.0197 | LR: 0.009167
    Epoch 25/30 | Loss: 1.9472 | LR: 0.005000
    Epoch 30/30 | Loss: 1.9133 | LR: 0.000833

  Training: CBOW-dim100
    Epoch  5/30 | Loss: 2.7439 | LR: 0.021667
    Epoch 10/30 | Loss: 2.3585 | LR: 0.017500
    Epoch 15/30 | Loss: 2.1604 | LR: 0.013333
    Epoch 20/30 | Loss: 2.0422 | LR: 0.009167
    Epoch 25/30 | Loss: 1.9684 | LR: 0.005000
    Epoch 30/30 | Loss: 1.9365 | LR: 0.000833

  Training: CBOW-dim300
    Epoch  5/30 | Loss: 2.7630 | LR: 0.021667
    Epoch 10/30 | Loss: 2.3885 | LR: 0.017500
    Epoch 15/30 | Loss: 2.1807 | LR: 0.013333
    Epoch 20/30 | Loss: 2.0630 | LR: 0.009167
    Epoch 25/30 | Loss: 1.9903 | LR: 0.005000
    Epoch 30/30 | Loss: 1.9581 | LR: 0.000833

  Training: CBOW-win2
    Epoch  5/30 | Loss: 2.7291 | LR: 0.021667
    Epoch 10/30 | Loss: 2.2221 | LR: 0.017500
    Epoch 15/30 | Loss: 1.9889 | LR: 0.013333
    Epoch 20/30 | Loss: 1.8531 | LR: 0.009167
    Epoch 25/30 | Loss: 1.7642 | LR: 0.005000
    Epoch 30/30 | Loss: 1.7242 | LR: 0.000833

  Training: CBOW-win5
    Epoch  5/30 | Loss: 2.7429 | LR: 0.021667
    Epoch 10/30 | Loss: 2.3526 | LR: 0.017500
    Epoch 15/30 | Loss: 2.1458 | LR: 0.013333
    Epoch 20/30 | Loss: 2.0345 | LR: 0.009167
    Epoch 25/30 | Loss: 1.9624 | LR: 0.005000
    Epoch 30/30 | Loss: 1.9313 | LR: 0.000833

  Training: CBOW-win8
    Epoch  5/30 | Loss: 2.7302 | LR: 0.021667
    Epoch 10/30 | Loss: 2.3847 | LR: 0.017500
    Epoch 15/30 | Loss: 2.1945 | LR: 0.013333
    Epoch 20/30 | Loss: 2.0877 | LR: 0.009167
    Epoch 25/30 | Loss: 2.0257 | LR: 0.005000
    Epoch 30/30 | Loss: 1.9940 | LR: 0.000833

  Training: CBOW-neg2
    Epoch  5/30 | Loss: 1.9606 | LR: 0.021667
    Epoch 10/30 | Loss: 1.7792 | LR: 0.017500
    Epoch 15/30 | Loss: 1.6538 | LR: 0.013333
    Epoch 20/30 | Loss: 1.5668 | LR: 0.009167
    Epoch 25/30 | Loss: 1.5171 | LR: 0.005000
    Epoch 30/30 | Loss: 1.4915 | LR: 0.000833

  Training: CBOW-neg5
    Epoch  5/30 | Loss: 2.7442 | LR: 0.021667
    Epoch 10/30 | Loss: 2.3532 | LR: 0.017500
    Epoch 15/30 | Loss: 2.1465 | LR: 0.013333
    Epoch 20/30 | Loss: 2.0397 | LR: 0.009167
    Epoch 25/30 | Loss: 1.9661 | LR: 0.005000
    Epoch 30/30 | Loss: 1.9291 | LR: 0.000833

  Training: CBOW-neg10
    Epoch  5/30 | Loss: 3.3100 | LR: 0.021667
    Epoch 10/30 | Loss: 2.8216 | LR: 0.017500
    Epoch 15/30 | Loss: 2.6027 | LR: 0.013333
    Epoch 20/30 | Loss: 2.4620 | LR: 0.009167
    Epoch 25/30 | Loss: 2.3789 | LR: 0.005000
    Epoch 30/30 | Loss: 2.3414 | LR: 0.000833

  All models trained!

  ── Model Selection Results ──
  Config                   Final Loss    Sim MSE    Score
  --------------------------------------------------------
  SG-dim100                    1.6132     0.1220   1.2739
  SG-dim300                    1.6227     0.1213   1.2731
  SG-dim50                     1.6506     0.1004   1.2860
  SG-neg10                     2.0393     0.1084   1.2312
  SG-neg2                      1.1634     0.1078   1.3649  ← BEST
  SG-neg5                      1.6160     0.1194   1.2756
  SG-win2                      1.5505     0.1012   1.3002
  SG-win5                      1.6191     0.1149   1.2788
  SG-win8                      1.6129     0.1543   1.2490
  --------------------------------------------------------
  CBOW-dim100                  1.9365     0.0279   1.3134
  CBOW-dim300                  1.9581     0.0271   1.3117
  CBOW-dim50                   1.9133     0.0326   1.3117
  CBOW-neg10                   2.3414     0.0396   1.2612
  CBOW-neg2                    1.4915     0.0431   1.3601  ← BEST
  CBOW-neg5                    1.9291     0.0316   1.3108
  CBOW-win2                    1.7242     0.0493   1.3201
  CBOW-win5                    1.9313     0.0286   1.3133
  CBOW-win8                    1.9940     0.0288   1.3060

  Best Skip-gram : SG-neg2  (score=1.3649)
  Best CBOW      : CBOW-neg2 (score=1.3601)

[PLOT] Training loss curves...
  Saved: training_loss.png

[TASK 3] Semantic Analysis
---------------------------------------------
  Using best Skip-gram : SG-neg2
  Using best CBOW      : CBOW-neg2

  ── Top-5 Nearest Neighbors (Skip-gram) ──
  research: carrying(0.573), reproducible(0.541), collaborative(0.541), translational(0.540), strongly(0.531)
  student: register(0.635), maintain(0.601), attendance(0.599), until(0.598), candidate(0.583)
  phd: rahul(0.826), spans(0.669), doctoral(0.669), produces(0.661), mtech(0.637)
  exam: november(0.755), reject(0.734), enhanced(0.709), art(0.707), furthermore(0.702)
  department: head(0.651), message(0.626), encourages(0.612), hosting(0.595), emphasizes(0.585)

  ── Top-5 Nearest Neighbors (CBOW) ──
  research: world(0.972), focused(0.956), competent(0.930), core(0.926), teaching(0.925)
  student: ug(0.966), grade(0.966), regular(0.962), any(0.961), submit(0.957)
  phd: programs(0.959), mtech(0.959), undergraduate(0.954), postgraduate(0.938), program(0.919)
  exam: avenues(0.972), number(0.959), supervision(0.958), sanction(0.955), approval(0.943)
  department: unique(0.949), hosting(0.945), shri(0.942), doctoral(0.934), university(0.927)

  ── Analogy Experiments ──

  UG : BTech :: PG : ?
    Skip-gram : produces(0.750), postgraduate(0.745), primary(0.744)
    CBOW      : mtech(0.896), pursue(0.886), future(0.878)

  student : exam :: faculty : ?
    Skip-gram : guidance(0.490), members(0.453), composite(0.449)
    CBOW      : multimodal(0.793), magnetic(0.655), perspective(0.649)

  research : PhD :: teaching : ?
    Skip-gram : mtech(0.607), btech(0.582), rahul(0.570)
    CBOW      : already(0.777), similar(0.728), appeal(0.700)

  MTech : thesis :: BTech : ?
    Skip-gram : defense(0.626), progress(0.607), upon(0.596)
    CBOW      : candidate(0.969), before(0.954), but(0.953)

[TASK 4] Dimensionality Reduction & Visualization
---------------------------------------------
  Running PCA projections...
  Saved: pca_skip_gram.png
  Saved: pca_cbow.png
  Running t-SNE projections (this may take a minute)...
  Saved: tsne_skip_gram.png
  Saved: tsne_cbow.png

  Generating similarity heatmap...
  Saved: heatmap_skip_gram.png
  Saved: heatmap_cbow.png

  Generating hyperparameter comparison plot...
  Saved: hyperparam_comparison.png

300-dim embedding for 'research' (from SG-dim300):
research - -0.1589, 0.0479, 0.4446, -0.1410, -0.4948, -0.3813, 0.2758, -0.0036, -0.5202, 0.0518, 0.1656, 0.1118, -0.1728, -0.0848, 0.1529, -0.4539, 0.5102, -0.3410, 0.1901, 0.1528, 0.4062, 0.6124, 0.1838, -0.1657, -0.0817, -0.1371, 0.1568, 0.0989, 0.1439, -0.0316, 0.4521, 0.1837, 0.1402, 0.1473, -0.2841, 0.0137, 0.1398, -0.3114, 0.0978, -0.0928, 0.1366, -0.1262, 0.0058, -0.7083, 0.0631, -0.0573, -0.0802, -0.1879, -0.1123, 0.0672, -0.1821, 0.2911, 0.1825, -0.1565, -0.0734, 0.1631, 0.0182, 0.2165, -0.4317, 0.0612, -0.2513, 0.1717, -0.1499, -0.2340, -0.3902, 0.0881, 0.4445, -0.1685, -0.1065, 0.1414, 0.0657, 0.6110, 0.2064, 0.3384, -0.1527, 0.3813, 0.0708, -0.2394, -0.5186, 0.0413, 0.0055, 0.0813, -0.0260, -0.0942, -0.4032, -0.1994, 0.3926, 0.6022, -0.3855, 0.4202, 0.1897, -0.2062, -0.1023, -0.1398, 0.2684, 0.4735, -0.4404, -0.1225, -0.1136, 0.0204, -0.3218, -0.0678, -0.1022, 0.0542, 0.3196, 0.2139, 0.0053, 0.3223, 0.1257, -0.2267, 0.1726, -0.2799, -0.4027, -0.4675, 0.0330, 0.3151, 0.6575, -0.1676, 0.2841, 0.3859, 0.1434, 0.1447, 0.5840, -0.0848, -0.3340, 0.1717, 0.0197, 0.3674, 0.2689, 0.0232, -0.1539, -0.2641, -0.1218, 0.3175, 0.2475, -0.2870, 0.2174, -0.1242, 0.1190, 0.4318, -0.6776, -0.1383, 0.2179, 0.4849, -0.3558, 0.3808, 0.5013, 0.1194, -0.0531, 0.1125, -0.2682, -0.4393, 0.4103, 0.4325, -0.3563, 0.1112, -0.0876, 0.2395, 0.3483, 0.1427, -0.6872, 0.0501, -0.0649, 0.1089, 0.0399, 0.4786, 0.4099, -0.2224, 0.3873, -0.8093, -0.0046, -0.2120, -0.0218, -0.2013, 0.1940, -0.3786, 0.2759, 0.0575, -0.3326, 0.6746, -0.1940, -0.2269, -0.1395, 0.0879, -0.0545, 0.2939, 0.3412, 0.3756, 0.1986, 0.0135, -0.2324, 0.0025, -0.2410, 0.0695, 0.2649, -0.5548, 0.3507, -0.4998, -0.4562, 0.2618, -0.0007, -0.4193, 0.2163, -0.1718, 0.1539, 0.0670, -0.0544, -0.2982, 0.2794, 0.1307, -0.1317, -0.0926, 0.2672, -0.3089, 0.2143, 0.1893, -0.0327, 0.1160, -0.1758, -0.1394, -0.3044, -0.2217, -0.0666, 0.1298, 0.3512, 0.1926, 0.0232, 0.2320, -0.4944, 0.1034, -0.1932, 0.3400, 0.0913, 0.1368, 0.3291, -0.1808, -0.7142, -0.1223, -0.3826, -0.3726, -0.1810, 0.0717, 0.3753, -0.2378, -0.2605, -0.1871, 0.0622, -0.1856, 0.0411, -0.4165, 0.6289, -0.3473, 0.0824, 0.0667, -0.2358, -0.1629, -0.4562, -0.2047, 0.3257, -0.4223, -0.2443, -0.0212, 0.1837, -0.2919, -0.2054, -0.3885, 0.2896, 0.4903, 0.3634, 0.1391, 0.0609, 0.2120, 0.0352, 0.3253, -0.2108, -0.0327, -0.4590, -0.3453, -0.3631, -0.0327, 0.7593, 0.0259, 0.4503, -0.0139, 0.4525, -0.0493, 0.1191, -0.2304, 0.0798, -0.1749, -0.1047, -0.2791, 0.1153, -0.4419, -0.3093, 0.0582, -0.4491, 0.1811, 0.0782, -0.0879
  Saved: embedding_300d.txt

  Saved: results.json

============================================================
ALL TASKS COMPLETE — Outputs in ./outputs/
============================================================

============================================================
[TASK 5] Gensim Word2Vec Training & Comparison
============================================================
  Gensim imported successfully.

  Mirroring best custom Skip-gram  : SG-neg2
  Mirroring best custom CBOW       : CBOW-neg2

  Training Gensim Skip-gram  (dim=100, window=5, neg=2) ...
  Gensim Skip-gram training complete.

  Training Gensim CBOW  (dim=100, window=5, neg=2) ...
  Gensim CBOW training complete.

------------------------------------------------------------
  COMPARISON: Nearest Neighbors
------------------------------------------------------------

  Query: 'research'
    Custom SG   : carrying(0.573), reproducible(0.541), collaborative(0.541), translational(0.540), strongly(0.531)
    Gensim SG   : guidance(0.658), projects(0.631), collaborative(0.630), relevance(0.623), translational(0.617)
    Custom CBOW : world(0.972), focused(0.956), competent(0.930), core(0.926), teaching(0.925)
    Gensim CBOW : facilities(0.937), thrust(0.931), projects(0.903), areas(0.899), actively(0.873)

  Query: 'student'
    Custom SG   : register(0.635), maintain(0.601), attendance(0.599), until(0.598), candidate(0.583)
    Gensim SG   : until(0.810), allowed(0.799), advise(0.781), candidacy(0.780), switch(0.772)
    Custom CBOW : ug(0.966), grade(0.966), regular(0.962), any(0.961), submit(0.957)
    Gensim CBOW : qualifier(0.968), after(0.959), visiting(0.959), who(0.959), if(0.958)

  Query: 'phd'
    Custom SG   : rahul(0.826), spans(0.669), doctoral(0.669), produces(0.661), mtech(0.637)
    Gensim SG   : rahul(0.888), defining(0.810), jan(0.786), produces(0.767), candidates(0.749)
    Custom CBOW : programs(0.959), mtech(0.959), undergraduate(0.954), postgraduate(0.938), program(0.919)
    Gensim CBOW : mtech(0.965), btech(0.944), programs(0.938), pursuing(0.937), pursue(0.929)

  Query: 'exam'
    Custom SG   : november(0.755), reject(0.734), enhanced(0.709), art(0.707), furthermore(0.702)
    Gensim SG   : comprehensive(0.829), art(0.771), six(0.759), defend(0.748), seminar(0.742)
    Custom CBOW : avenues(0.972), number(0.959), supervision(0.958), sanction(0.955), approval(0.943)
    Gensim CBOW : includes(0.741), papers(0.704), dept(0.700), two(0.698), consecutive(0.686)

  Query: 'department'
    Custom SG   : head(0.651), message(0.626), encourages(0.612), hosting(0.595), emphasizes(0.585)
    Gensim SG   : message(0.717), head(0.693), hosting(0.686), interdisciplinary(0.674), welcome(0.670)
    Custom CBOW : unique(0.949), hosting(0.945), shri(0.942), doctoral(0.934), university(0.927)
    Gensim CBOW : head(0.897), message(0.895), constitutes(0.887), presently(0.865), alumni(0.855)

------------------------------------------------------------
  COMPARISON: Similarity MSE on Evaluation Pairs
------------------------------------------------------------

  Model                        Sim MSE  Notes
  -------------------------------------------------------
  Custom Skip-gram              0.1078  (SG-neg2)
  Gensim Skip-gram              0.1019
  Custom CBOW                   0.0431  (CBOW-neg2)
  Gensim CBOW                   0.1172

------------------------------------------------------------
  COMPARISON: Analogy Tasks
------------------------------------------------------------

  UG : BTech :: PG : ?
    Custom SG   : produces(0.750), postgraduate(0.745), primary(0.744)
    Gensim SG   : mtech(0.897), leads(0.874), flagship(0.837)
    Custom CBOW : mtech(0.896), pursue(0.886), future(0.878)
    Gensim CBOW : mtech(0.952), programs(0.932), undergraduate(0.920)

  student : exam :: faculty : ?
    Custom SG   : guidance(0.490), members(0.453), composite(0.449)
    Gensim SG   : visit(0.611), topics(0.606), papers(0.606)
    Custom CBOW : multimodal(0.793), magnetic(0.655), perspective(0.649)
    Gensim CBOW : members(0.770), art(0.747), projects(0.742)

  research : PhD :: teaching : ?
    Custom SG   : mtech(0.607), btech(0.582), rahul(0.570)
    Gensim SG   : rahul(0.711), mtech(0.702), lead(0.693)
    Custom CBOW : already(0.777), similar(0.728), appeal(0.700)
    Gensim CBOW : mba(0.928), btech(0.920), mtech(0.901)

  MTech : thesis :: BTech : ?
    Custom SG   : defense(0.626), progress(0.607), upon(0.596)
    Gensim SG   : defense(0.771), defend(0.734), submit(0.719)
    Custom CBOW : candidate(0.969), before(0.954), but(0.953)
    Gensim CBOW : successful(0.921), student(0.908), copies(0.906)

  [PLOT] Generating MSE comparison bar chart...
  Saved: comparison_mse_bar.png
  [PLOT] Generating 4-panel similarity heatmap comparison...
  Saved: comparison_heatmaps.png
  [PLOT] Generating 4-panel PCA comparison...
  Saved: comparison_pca.png
  [PLOT] Generating neighbor overlap chart...
  Saved: comparison_neighbor_overlap.png
  Updated: results.json (added gensim_comparison)

============================================================
  FINAL COMPARISON SUMMARY
============================================================
  Model                         Sim MSE    Avg Neighbor Overlap
  --------------------------------------------------------------
  Custom Skip-gram               0.1078            — (baseline)
  Gensim Skip-gram               0.1019                  1.8/5
  Custom CBOW                    0.0431            — (baseline)
  Gensim CBOW                    0.1172                  0.4/5
============================================================

============================================================
TASK 5 COMPLETE — New outputs in ./outputs/:
  comparison_mse_bar.png
  comparison_heatmaps.png
  comparison_pca.png
  comparison_neighbor_overlap.png
  results.json  (updated with gensim_comparison key)
============================================================
